# JRE version: Java(TM) SE Runtime Environment (21.0.3+7) (build 21.0.3+7-LTS-152)
# Java VM: Java HotSpot(TM) 64-Bit Server VM (21.0.3+7-LTS-152, mixed mode, sharing, tiered, compressed oops, compressed class ptrs, g1 gc, linux-amd64)
GC Precious Log:
 CardTable entry size: 512
 Card Set container configuration: InlinePtr #cards 4 size 8 Array Of Cards #cards 16 size 48 Howl #buckets 8 coarsen threshold 3686 Howl Bitmap #cards 512 size 80 coarsen threshold 460 Card regions per heap region 1 cards per card region 4096
 CPUs: 4 total, 4 available
 Memory: 15915M
 Large Page Support: Disabled
 NUMA Support: Disabled
 Compressed Oops: Enabled (Zero based)
 Heap Region Size: 2M
 Heap Min Capacity: 8M
 Heap Initial Capacity: 250M
 Heap Max Capacity: 3980M
 Pre-touch: Disabled
 Parallel Workers: 4
 Concurrent Workers: 1
 Concurrent Refinement Workers: 4
 Periodic GC: Disabled
Heap:
 garbage-first heap   total 106496K, used 84790K [0x0000000707400000, 0x0000000800000000)
  region size 2048K, 22 young (45056K), 3 survivors (6144K)
 Metaspace       used 28830K, committed 29184K, reserved 1114112K
  class space    used 3223K, committed 3392K, reserved 1048576K
GC Heap History (13 events):
Event: 0.409 GC heap before
{Heap before GC invocations=0 (full 0):
 garbage-first heap   total 258048K, used 11295K [0x0000000707400000, 0x0000000800000000)
  region size 2048K, 6 young (12288K), 0 survivors (0K)
 Metaspace       used 4143K, committed 4288K, reserved 1114112K
  class space    used 427K, committed 512K, reserved 1048576K
}
Event: 0.414 GC heap after
{Heap after GC invocations=1 (full 0):
 garbage-first heap   total 258048K, used 3687K [0x0000000707400000, 0x0000000800000000)
  region size 2048K, 1 young (2048K), 1 survivors (2048K)
 Metaspace       used 4143K, committed 4288K, reserved 1114112K
  class space    used 427K, committed 512K, reserved 1048576K
}
Event: 0.631 GC heap before
{Heap before GC invocations=1 (full 0):
 garbage-first heap   total 258048K, used 15975K [0x0000000707400000, 0x0000000800000000)
  region size 2048K, 7 young (14336K), 1 survivors (2048K)
 Metaspace       used 6069K, committed 6208K, reserved 1114112K
  class space    used 700K, committed 768K, reserved 1048576K
}
Event: 0.639 GC heap after
{Heap after GC invocations=2 (full 0):
 garbage-first heap   total 258048K, used 4344K [0x0000000707400000, 0x0000000800000000)
  region size 2048K, 1 young (2048K), 1 survivors (2048K)
 Metaspace       used 6069K, committed 6208K, reserved 1114112K
  class space    used 700K, committed 768K, reserved 1048576K
}
Event: 2.602 GC heap before
{Heap before GC invocations=2 (full 0):
 garbage-first heap   total 258048K, used 43256K [0x0000000707400000, 0x0000000800000000)
  region size 2048K, 21 young (43008K), 1 survivors (2048K)
 Metaspace       used 13765K, committed 13952K, reserved 1114112K
  class space    used 1642K, committed 1728K, reserved 1048576K
}
Event: 2.610 GC heap after
{Heap after GC invocations=3 (full 0):
 garbage-first heap   total 258048K, used 7720K [0x0000000707400000, 0x0000000800000000)
  region size 2048K, 2 young (4096K), 2 survivors (4096K)
 Metaspace       used 13765K, committed 13952K, reserved 1114112K
  class space    used 1642K, committed 1728K, reserved 1048576K
}
Event: 4.585 GC heap before
{Heap before GC invocations=3 (full 0):
 garbage-first heap   total 258048K, used 144936K [0x0000000707400000, 0x0000000800000000)
  region size 2048K, 70 young (143360K), 2 survivors (4096K)
 Metaspace       used 17795K, committed 17984K, reserved 1114112K
  class space    used 1974K, committed 2048K, reserved 1048576K
}
Event: 4.638 GC heap after
{Heap after GC invocations=4 (full 0):
 garbage-first heap   total 258048K, used 21261K [0x0000000707400000, 0x0000000800000000)
  region size 2048K, 9 young (18432K), 9 survivors (18432K)
 Metaspace       used 17795K, committed 17984K, reserved 1114112K
  class space    used 1974K, committed 2048K, reserved 1048576K
}
Event: 5.207 GC heap before
{Heap before GC invocations=4 (full 0):
 garbage-first heap   total 258048K, used 45837K [0x0000000707400000, 0x0000000800000000)
  region size 2048K, 21 young (43008K), 9 survivors (18432K)
 Metaspace       used 21160K, committed 21504K, reserved 1114112K
  class space    used 2398K, committed 2560K, reserved 1048576K
}
Event: 5.228 GC heap after
{Heap after GC invocations=5 (full 0):
 garbage-first heap   total 258048K, used 23207K [0x0000000707400000, 0x0000000800000000)
  region size 2048K, 2 young (4096K), 2 survivors (4096K)
 Metaspace       used 21160K, committed 21504K, reserved 1114112K
  class space    used 2398K, committed 2560K, reserved 1048576K
}
Event: 5.905 GC heap before
{Heap before GC invocations=6 (full 0):
 garbage-first heap   total 96256K, used 80551K [0x0000000707400000, 0x0000000800000000)
  region size 2048K, 28 young (57344K), 2 survivors (4096K)
 Metaspace       used 26428K, committed 26752K, reserved 1114112K
  class space    used 2947K, committed 3136K, reserved 1048576K
}
Event: 5.918 GC heap after
{Heap after GC invocations=7 (full 0):
 garbage-first heap   total 106496K, used 45878K [0x0000000707400000, 0x0000000800000000)
  region size 2048K, 4 young (8192K), 4 survivors (8192K)
 Metaspace       used 26428K, committed 26752K, reserved 1114112K
  class space    used 2947K, committed 3136K, reserved 1048576K
}
Event: 6.903 GC heap before
{Heap before GC invocations=7 (full 0):
 garbage-first heap   total 106496K, used 84790K [0x0000000707400000, 0x0000000800000000)
  region size 2048K, 23 young (47104K), 4 survivors (8192K)
 Metaspace       used 28830K, committed 29184K, reserved 1114112K
  class space    used 3223K, committed 3392K, reserved 1048576K
}

