# JRE version: OpenJDK Runtime Environment Temurin-17.0.13+11 (17.0.13+11) (build 17.0.13+11)
# Java VM: OpenJDK 64-Bit Server VM Temurin-17.0.13+11 (17.0.13+11, mixed mode, tiered, compressed oops, compressed class ptrs, parallel gc, linux-amd64)
GC Precious Log:
 CPUs: 4 total, 4 available
 Memory: 15915M
 Large Page Support: Disabled
 NUMA Support: Disabled
 Compressed Oops: Enabled (32-bit)
 Alignments: Space 512K, Generation 512K, Heap 2M
 Heap Min Capacity: 100M
 Heap Initial Capacity: 100M
 Heap Max Capacity: 1G
 Pre-touch: Disabled
 Parallel Workers: 4
Heap:
 PSYoungGen      total 27136K, used 27128K [0x00000000eab00000, 0x00000000ed180000, 0x0000000100000000)
  eden space 22016K, 100% used [0x00000000eab00000,0x00000000ec080000,0x00000000ec080000)
  from space 5120K, 99% used [0x00000000ec080000,0x00000000ec57e008,0x00000000ec580000)
  to   space 8704K, 0% used [0x00000000ec900000,0x00000000ec900000,0x00000000ed180000)
 ParOldGen       total 279552K, used 277856K [0x00000000c0000000, 0x00000000d1100000, 0x00000000eab00000)
  object space 279552K, 99% used [0x00000000c0000000,0x00000000d0f58100,0x00000000d1100000)
 Metaspace       used 83770K, committed 85056K, reserved 1179648K
  class space    used 8695K, committed 9280K, reserved 1048576K
GC Heap History (20 events):
Event: 47.028 GC heap after
{Heap after GC invocations=257 (full 14):
 PSYoungGen      total 24576K, used 2392K [0x00000000eab00000, 0x00000000ec800000, 0x0000000100000000)
  eden space 22016K, 0% used [0x00000000eab00000,0x00000000eab00000,0x00000000ec080000)
  from space 2560K, 93% used [0x00000000ec580000,0x00000000ec7d60d0,0x00000000ec800000)
  to   space 3072K, 0% used [0x00000000ec200000,0x00000000ec200000,0x00000000ec500000)
 ParOldGen       total 279552K, used 261722K [0x00000000c0000000, 0x00000000d1100000, 0x00000000eab00000)
  object space 279552K, 93% used [0x00000000c0000000,0x00000000cff96b58,0x00000000d1100000)
 Metaspace       used 83762K, committed 85056K, reserved 1179648K
  class space    used 8695K, committed 9280K, reserved 1048576K
}
Event: 47.094 GC heap before
{Heap before GC invocations=258 (full 14):
 PSYoungGen      total 24576K, used 24408K [0x00000000eab00000, 0x00000000ec800000, 0x0000000100000000)
  eden space 22016K, 100% used [0x00000000eab00000,0x00000000ec080000,0x00000000ec080000)
  from space 2560K, 93% used [0x00000000ec580000,0x00000000ec7d60d0,0x00000000ec800000)
  to   space 3072K, 0% used [0x00000000ec200000,0x00000000ec200000,0x00000000ec500000)
 ParOldGen       total 279552K, used 261722K [0x00000000c0000000, 0x00000000d1100000, 0x00000000eab00000)
  object space 279552K, 93% used [0x00000000c0000000,0x00000000cff96b58,0x00000000d1100000)
 Metaspace       used 83762K, committed 85056K, reserved 1179648K
  class space    used 8695K, committed 9280K, reserved 1048576K
}
Event: 47.099 GC heap after
{Heap after GC invocations=258 (full 14):
 PSYoungGen      total 25088K, used 3043K [0x00000000eab00000, 0x00000000ecc80000, 0x0000000100000000)
  eden space 22016K, 0% used [0x00000000eab00000,0x00000000eab00000,0x00000000ec080000)
  from space 3072K, 99% used [0x00000000ec200000,0x00000000ec4f8ca8,0x00000000ec500000)
  to   space 6144K, 0% used [0x00000000ec680000,0x00000000ec680000,0x00000000ecc80000)
 ParOldGen       total 279552K, used 264174K [0x00000000c0000000, 0x00000000d1100000, 0x00000000eab00000)
  object space 279552K, 94% used [0x00000000c0000000,0x00000000d01fbbd0,0x00000000d1100000)
 Metaspace       used 83762K, committed 85056K, reserved 1179648K
  class space    used 8695K, committed 9280K, reserved 1048576K
}
Event: 47.153 GC heap before
{Heap before GC invocations=259 (full 14):
 PSYoungGen      total 25088K, used 25059K [0x00000000eab00000, 0x00000000ecc80000, 0x0000000100000000)
  eden space 22016K, 100% used [0x00000000eab00000,0x00000000ec080000,0x00000000ec080000)
  from space 3072K, 99% used [0x00000000ec200000,0x00000000ec4f8ca8,0x00000000ec500000)
  to   space 6144K, 0% used [0x00000000ec680000,0x00000000ec680000,0x00000000ecc80000)
 ParOldGen       total 279552K, used 264174K [0x00000000c0000000, 0x00000000d1100000, 0x00000000eab00000)
  object space 279552K, 94% used [0x00000000c0000000,0x00000000d01fbbd0,0x00000000d1100000)
 Metaspace       used 83762K, committed 85056K, reserved 1179648K
  class space    used 8695K, committed 9280K, reserved 1048576K
}
Event: 47.158 GC heap after
{Heap after GC invocations=259 (full 14):
 PSYoungGen      total 26112K, used 3736K [0x00000000eab00000, 0x00000000eca80000, 0x0000000100000000)
  eden space 22016K, 0% used [0x00000000eab00000,0x00000000eab00000,0x00000000ec080000)
  from space 4096K, 91% used [0x00000000ec680000,0x00000000eca26008,0x00000000eca80000)
  to   space 4608K, 0% used [0x00000000ec180000,0x00000000ec180000,0x00000000ec600000)
 ParOldGen       total 279552K, used 266831K [0x00000000c0000000, 0x00000000d1100000, 0x00000000eab00000)
  object space 279552K, 95% used [0x00000000c0000000,0x00000000d0493d60,0x00000000d1100000)
 Metaspace       used 83762K, committed 85056K, reserved 1179648K
  class space    used 8695K, committed 9280K, reserved 1048576K
}
Event: 47.285 GC heap before
{Heap before GC invocations=260 (full 14):
 PSYoungGen      total 26112K, used 25752K [0x00000000eab00000, 0x00000000eca80000, 0x0000000100000000)
  eden space 22016K, 100% used [0x00000000eab00000,0x00000000ec080000,0x00000000ec080000)
  from space 4096K, 91% used [0x00000000ec680000,0x00000000eca26008,0x00000000eca80000)
  to   space 4608K, 0% used [0x00000000ec180000,0x00000000ec180000,0x00000000ec600000)
 ParOldGen       total 279552K, used 266831K [0x00000000c0000000, 0x00000000d1100000, 0x00000000eab00000)
  object space 279552K, 95% used [0x00000000c0000000,0x00000000d0493d60,0x00000000d1100000)
 Metaspace       used 83765K, committed 85056K, reserved 1179648K
  class space    used 8695K, committed 9280K, reserved 1048576K
}
Event: 47.290 GC heap after
{Heap after GC invocations=260 (full 14):
 PSYoungGen      total 24064K, used 1560K [0x00000000eab00000, 0x00000000ec700000, 0x0000000100000000)
  eden space 22016K, 0% used [0x00000000eab00000,0x00000000eab00000,0x00000000ec080000)
  from space 2048K, 76% used [0x00000000ec180000,0x00000000ec3062a0,0x00000000ec380000)
  to   space 2560K, 0% used [0x00000000ec480000,0x00000000ec480000,0x00000000ec700000)
 ParOldGen       total 279552K, used 270402K [0x00000000c0000000, 0x00000000d1100000, 0x00000000eab00000)
  object space 279552K, 96% used [0x00000000c0000000,0x00000000d0810b68,0x00000000d1100000)
 Metaspace       used 83765K, committed 85056K, reserved 1179648K
  class space    used 8695K, committed 9280K, reserved 1048576K
}
Event: 47.353 GC heap before
{Heap before GC invocations=261 (full 14):
 PSYoungGen      total 24064K, used 23576K [0x00000000eab00000, 0x00000000ec700000, 0x0000000100000000)
  eden space 22016K, 100% used [0x00000000eab00000,0x00000000ec080000,0x00000000ec080000)
  from space 2048K, 76% used [0x00000000ec180000,0x00000000ec3062a0,0x00000000ec380000)
  to   space 2560K, 0% used [0x00000000ec480000,0x00000000ec480000,0x00000000ec700000)
 ParOldGen       total 279552K, used 270402K [0x00000000c0000000, 0x00000000d1100000, 0x00000000eab00000)
  object space 279552K, 96% used [0x00000000c0000000,0x00000000d0810b68,0x00000000d1100000)
 Metaspace       used 83765K, committed 85056K, reserved 1179648K
  class space    used 8695K, committed 9280K, reserved 1048576K
}
Event: 47.356 GC heap after
{Heap after GC invocations=261 (full 14):
 PSYoungGen      total 24576K, used 2560K [0x00000000eab00000, 0x00000000ec780000, 0x0000000100000000)
  eden space 22016K, 0% used [0x00000000eab00000,0x00000000eab00000,0x00000000ec080000)
  from space 2560K, 100% used [0x00000000ec480000,0x00000000ec700000,0x00000000ec700000)
  to   space 3584K, 0% used [0x00000000ec080000,0x00000000ec080000,0x00000000ec400000)
 ParOldGen       total 279552K, used 270738K [0x00000000c0000000, 0x00000000d1100000, 0x00000000eab00000)
  object space 279552K, 96% used [0x00000000c0000000,0x00000000d0864b68,0x00000000d1100000)
 Metaspace       used 83765K, committed 85056K, reserved 1179648K
  class space    used 8695K, committed 9280K, reserved 1048576K
}
Event: 47.420 GC heap before
{Heap before GC invocations=262 (full 14):
 PSYoungGen      total 24576K, used 24576K [0x00000000eab00000, 0x00000000ec780000, 0x0000000100000000)
  eden space 22016K, 100% used [0x00000000eab00000,0x00000000ec080000,0x00000000ec080000)
  from space 2560K, 100% used [0x00000000ec480000,0x00000000ec700000,0x00000000ec700000)
  to   space 3584K, 0% used [0x00000000ec080000,0x00000000ec080000,0x00000000ec400000)
 ParOldGen       total 279552K, used 270738K [0x00000000c0000000, 0x00000000d1100000, 0x00000000eab00000)
  object space 279552K, 96% used [0x00000000c0000000,0x00000000d0864b68,0x00000000d1100000)
 Metaspace       used 83765K, committed 85056K, reserved 1179648K
  class space    used 8695K, committed 9280K, reserved 1048576K
}
Event: 47.426 GC heap after
{Heap after GC invocations=262 (full 14):
 PSYoungGen      total 25600K, used 3483K [0x00000000eab00000, 0x00000000ec880000, 0x0000000100000000)
  eden space 22016K, 0% used [0x00000000eab00000,0x00000000eab00000,0x00000000ec080000)
  from space 3584K, 97% used [0x00000000ec080000,0x00000000ec3e6da8,0x00000000ec400000)
  to   space 4096K, 0% used [0x00000000ec480000,0x00000000ec480000,0x00000000ec880000)
 ParOldGen       total 279552K, used 272450K [0x00000000c0000000, 0x00000000d1100000, 0x00000000eab00000)
  object space 279552K, 97% used [0x00000000c0000000,0x00000000d0a10b68,0x00000000d1100000)
 Metaspace       used 83765K, committed 85056K, reserved 1179648K
  class space    used 8695K, committed 9280K, reserved 1048576K
}
Event: 47.513 GC heap before
{Heap before GC invocations=263 (full 14):
 PSYoungGen      total 25600K, used 25499K [0x00000000eab00000, 0x00000000ec880000, 0x0000000100000000)
  eden space 22016K, 100% used [0x00000000eab00000,0x00000000ec080000,0x00000000ec080000)
  from space 3584K, 97% used [0x00000000ec080000,0x00000000ec3e6da8,0x00000000ec400000)
  to   space 4096K, 0% used [0x00000000ec480000,0x00000000ec480000,0x00000000ec880000)
 ParOldGen       total 279552K, used 272450K [0x00000000c0000000, 0x00000000d1100000, 0x00000000eab00000)
  object space 279552K, 97% used [0x00000000c0000000,0x00000000d0a10b68,0x00000000d1100000)
 Metaspace       used 83766K, committed 85056K, reserved 1179648K
  class space    used 8695K, committed 9280K, reserved 1048576K
}
Event: 47.517 GC heap after
{Heap after GC invocations=263 (full 14):
 PSYoungGen      total 23552K, used 1512K [0x00000000eab00000, 0x00000000ec600000, 0x0000000100000000)
  eden space 22016K, 0% used [0x00000000eab00000,0x00000000eab00000,0x00000000ec080000)
  from space 1536K, 98% used [0x00000000ec480000,0x00000000ec5fa050,0x00000000ec600000)
  to   space 2560K, 0% used [0x00000000ec100000,0x00000000ec100000,0x00000000ec380000)
 ParOldGen       total 279552K, used 272450K [0x00000000c0000000, 0x00000000d1100000, 0x00000000eab00000)
  object space 279552K, 97% used [0x00000000c0000000,0x00000000d0a10b68,0x00000000d1100000)
 Metaspace       used 83766K, committed 85056K, reserved 1179648K
  class space    used 8695K, committed 9280K, reserved 1048576K
}
Event: 47.571 GC heap before
{Heap before GC invocations=264 (full 14):
 PSYoungGen      total 23552K, used 23528K [0x00000000eab00000, 0x00000000ec600000, 0x0000000100000000)
  eden space 22016K, 100% used [0x00000000eab00000,0x00000000ec080000,0x00000000ec080000)
  from space 1536K, 98% used [0x00000000ec480000,0x00000000ec5fa050,0x00000000ec600000)
  to   space 2560K, 0% used [0x00000000ec100000,0x00000000ec100000,0x00000000ec380000)
 ParOldGen       total 279552K, used 272450K [0x00000000c0000000, 0x00000000d1100000, 0x00000000eab00000)
  object space 279552K, 97% used [0x00000000c0000000,0x00000000d0a10b68,0x00000000d1100000)
 Metaspace       used 83766K, committed 85056K, reserved 1179648K
  class space    used 8695K, committed 9280K, reserved 1048576K
}
Event: 47.578 GC heap after
{Heap after GC invocations=264 (full 14):
 PSYoungGen      total 24576K, used 2551K [0x00000000eab00000, 0x00000000eca80000, 0x0000000100000000)
  eden space 22016K, 0% used [0x00000000eab00000,0x00000000eab00000,0x00000000ec080000)
  from space 2560K, 99% used [0x00000000ec100000,0x00000000ec37dd78,0x00000000ec380000)
  to   space 5120K, 0% used [0x00000000ec580000,0x00000000ec580000,0x00000000eca80000)
 ParOldGen       total 279552K, used 274474K [0x00000000c0000000, 0x00000000d1100000, 0x00000000eab00000)
  object space 279552K, 98% used [0x00000000c0000000,0x00000000d0c0ab68,0x00000000d1100000)
 Metaspace       used 83766K, committed 85056K, reserved 1179648K
  class space    used 8695K, committed 9280K, reserved 1048576K
}
Event: 47.628 GC heap before
{Heap before GC invocations=265 (full 14):
 PSYoungGen      total 24576K, used 24567K [0x00000000eab00000, 0x00000000eca80000, 0x0000000100000000)
  eden space 22016K, 100% used [0x00000000eab00000,0x00000000ec080000,0x00000000ec080000)
  from space 2560K, 99% used [0x00000000ec100000,0x00000000ec37dd78,0x00000000ec380000)
  to   space 5120K, 0% used [0x00000000ec580000,0x00000000ec580000,0x00000000eca80000)
 ParOldGen       total 279552K, used 274474K [0x00000000c0000000, 0x00000000d1100000, 0x00000000eab00000)
  object space 279552K, 98% used [0x00000000c0000000,0x00000000d0c0ab68,0x00000000d1100000)
 Metaspace       used 83766K, committed 85056K, reserved 1179648K
  class space    used 8695K, committed 9280K, reserved 1048576K
}
Event: 47.636 GC heap after
{Heap after GC invocations=265 (full 14):
 PSYoungGen      total 27136K, used 4812K [0x00000000eab00000, 0x00000000eca80000, 0x0000000100000000)
  eden space 22016K, 0% used [0x00000000eab00000,0x00000000eab00000,0x00000000ec080000)
  from space 5120K, 93% used [0x00000000ec580000,0x00000000eca33008,0x00000000eca80000)
  to   space 5120K, 0% used [0x00000000ec080000,0x00000000ec080000,0x00000000ec580000)
 ParOldGen       total 279552K, used 275144K [0x00000000c0000000, 0x00000000d1100000, 0x00000000eab00000)
  object space 279552K, 98% used [0x00000000c0000000,0x00000000d0cb2100,0x00000000d1100000)
 Metaspace       used 83766K, committed 85056K, reserved 1179648K
  class space    used 8695K, committed 9280K, reserved 1048576K
}
Event: 47.688 GC heap before
{Heap before GC invocations=266 (full 14):
 PSYoungGen      total 27136K, used 26828K [0x00000000eab00000, 0x00000000eca80000, 0x0000000100000000)
  eden space 22016K, 100% used [0x00000000eab00000,0x00000000ec080000,0x00000000ec080000)
  from space 5120K, 93% used [0x00000000ec580000,0x00000000eca33008,0x00000000eca80000)
  to   space 5120K, 0% used [0x00000000ec080000,0x00000000ec080000,0x00000000ec580000)
 ParOldGen       total 279552K, used 275144K [0x00000000c0000000, 0x00000000d1100000, 0x00000000eab00000)
  object space 279552K, 98% used [0x00000000c0000000,0x00000000d0cb2100,0x00000000d1100000)
 Metaspace       used 83766K, committed 85056K, reserved 1179648K
  class space    used 8695K, committed 9280K, reserved 1048576K
}
Event: 47.695 GC heap after
{Heap after GC invocations=266 (full 14):
 PSYoungGen      total 27136K, used 5112K [0x00000000eab00000, 0x00000000ed180000, 0x0000000100000000)
  eden space 22016K, 0% used [0x00000000eab00000,0x00000000eab00000,0x00000000ec080000)
  from space 5120K, 99% used [0x00000000ec080000,0x00000000ec57e008,0x00000000ec580000)
  to   space 8704K, 0% used [0x00000000ec900000,0x00000000ec900000,0x00000000ed180000)
 ParOldGen       total 279552K, used 277856K [0x00000000c0000000, 0x00000000d1100000, 0x00000000eab00000)
  object space 279552K, 99% used [0x00000000c0000000,0x00000000d0f58100,0x00000000d1100000)
 Metaspace       used 83766K, committed 85056K, reserved 1179648K
  class space    used 8695K, committed 9280K, reserved 1048576K
}
Event: 47.814 GC heap before
{Heap before GC invocations=267 (full 15):
 PSYoungGen      total 27136K, used 27128K [0x00000000eab00000, 0x00000000ed180000, 0x0000000100000000)
  eden space 22016K, 100% used [0x00000000eab00000,0x00000000ec080000,0x00000000ec080000)
  from space 5120K, 99% used [0x00000000ec080000,0x00000000ec57e008,0x00000000ec580000)
  to   space 8704K, 0% used [0x00000000ec900000,0x00000000ec900000,0x00000000ed180000)
 ParOldGen       total 279552K, used 277856K [0x00000000c0000000, 0x00000000d1100000, 0x00000000eab00000)
  object space 279552K, 99% used [0x00000000c0000000,0x00000000d0f58100,0x00000000d1100000)
 Metaspace       used 83770K, committed 85056K, reserved 1179648K
  class space    used 8695K, committed 9280K, reserved 1048576K
}

